This file contains any messages produced by compilers while
running configure, to aid debugging if configure makes a mistake.

It was created by dgtnix configure 1.9.1, which was
generated by GNU Autoconf 2.60.  Invocation command line was

  $ ./configure 

## --------- ##
## Platform. ##
## --------- ##

hostname = raspberrypi
uname -m = armv7l
uname -r = 4.1.13-v7+
uname -s = Linux
uname -v = #826 SMP PREEMPT Fri Nov 13 20:19:03 GMT 2015

/usr/bin/uname -p = unknown
/bin/uname -X     = unknown

/bin/arch              = unknown
/usr/bin/arch -k       = unknown
/usr/convex/getsysinfo = unknown
/usr/bin/hostinfo      = unknown
/bin/machine           = unknown
/usr/bin/oslevel       = unknown
/bin/universe          = unknown

PATH: /usr/local/sbin
PATH: /usr/local/bin
PATH: /usr/sbin
PATH: /usr/bin
PATH: /sbin
PATH: /bin
PATH: /usr/local/games
PATH: /usr/games


## ----------- ##
## Core tests. ##
## ----------- ##

configure:1966: checking for gcc
configure:1982: found /usr/bin/gcc
configure:1993: result: gcc
configure:2231: checking for C compiler version
configure:2238: gcc --version >&5
gcc (Raspbian 4.9.2-10) 4.9.2
Copyright (C) 2014 Free Software Foundation, Inc.
This is free software; see the source for copying conditions.  There is NO
warranty; not even for MERCHANTABILITY or FITNESS FOR A PARTICULAR PURPOSE.

configure:2241: $? = 0
configure:2248: gcc -v >&5
Using built-in specs.
COLLECT_GCC=gcc
COLLECT_LTO_WRAPPER=/usr/lib/gcc/arm-linux-gnueabihf/4.9/lto-wrapper
Target: arm-linux-gnueabihf
Configured with: ../src/configure -v --with-pkgversion='Raspbian 4.9.2-10' --with-bugurl=file:///usr/share/doc/gcc-4.9/README.Bugs --enable-languages=c,c++,java,go,d,fortran,objc,obj-c++ --prefix=/usr --program-suffix=-4.9 --enable-shared --enable-linker-build-id --libexecdir=/usr/lib --without-included-gettext --enable-threads=posix --with-gxx-include-dir=/usr/include/c++/4.9 --libdir=/usr/lib --enable-nls --with-sysroot=/ --enable-clocale=gnu --enable-libstdcxx-debug --enable-libstdcxx-time=yes --enable-gnu-unique-object --disable-libitm --disable-libquadmath --enable-plugin --with-system-zlib --disable-browser-plugin --enable-java-awt=gtk --enable-gtk-cairo --with-java-home=/usr/lib/jvm/java-1.5.0-gcj-4.9-armhf/jre --enable-java-home --with-jvm-root-dir=/usr/lib/jvm/java-1.5.0-gcj-4.9-armhf --with-jvm-jar-dir=/usr/lib/jvm-exports/java-1.5.0-gcj-4.9-armhf --with-arch-directory=arm --with-ecj-jar=/usr/share/java/eclipse-ecj.jar --enable-objc-gc --enable-multiarch --disable-sjlj-exceptions --with-arch=armv6 --with-fpu=vfp --with-float=hard --enable-checking=release --build=arm-linux-gnueabihf --host=arm-linux-gnueabihf --target=arm-linux-gnueabihf
Thread model: posix
gcc version 4.9.2 (Raspbian 4.9.2-10) 
configure:2251: $? = 0
configure:2258: gcc -V >&5
gcc: error: unrecognized command line option '-V'
gcc: fatal error: no input files
compilation terminated.
configure:2261: $? = 4
configure:2284: checking for C compiler default output file name
configure:2311: gcc    conftest.c  >&5
configure:2314: $? = 0
configure:2360: result: a.out
configure:2365: checking whether the C compiler works
configure:2375: ./a.out
configure:2378: $? = 0
configure:2395: result: yes
configure:2402: checking whether we are cross compiling
configure:2404: result: no
configure:2407: checking for suffix of executables
configure:2414: gcc -o conftest    conftest.c  >&5
configure:2417: $? = 0
configure:2441: result: 
configure:2447: checking for suffix of object files
configure:2473: gcc -c   conftest.c >&5
configure:2476: $? = 0
configure:2499: result: o
configure:2503: checking whether we are using the GNU C compiler
configure:2532: gcc -c   conftest.c >&5
configure:2538: $? = 0
configure:2545: test -z "$ac_c_werror_flag" || test ! -s conftest.err
configure:2548: $? = 0
configure:2555: test -s conftest.o
configure:2558: $? = 0
configure:2572: result: yes
configure:2577: checking whether gcc accepts -g
configure:2607: gcc -c -g  conftest.c >&5
configure:2613: $? = 0
configure:2620: test -z "$ac_c_werror_flag" || test ! -s conftest.err
configure:2623: $? = 0
configure:2630: test -s conftest.o
configure:2633: $? = 0
configure:2763: result: yes
configure:2780: checking for gcc option to accept ISO C89
configure:2854: gcc  -c -g -O2  conftest.c >&5
configure:2860: $? = 0
configure:2867: test -z "$ac_c_werror_flag" || test ! -s conftest.err
configure:2870: $? = 0
configure:2877: test -s conftest.o
configure:2880: $? = 0
configure:2900: result: none needed
configure:2919: checking for pthread_create in -lpthread
configure:2954: gcc -o conftest -g -O2   conftest.c -lpthread   >&5
configure:2960: $? = 0
configure:2967: test -z "$ac_c_werror_flag" || test ! -s conftest.err
configure:2970: $? = 0
configure:2977: test -s conftest
configure:2980: $? = 0
configure:2994: result: yes
configure:3012: checking out linker version info 1.9.1 
configure:3028: result: /1/9:1 (-1.so.9.0.1)
configure:3080: checking for a BSD-compatible install
configure:3136: result: /usr/bin/install -c
configure:3147: checking whether build environment is sane
configure:3190: result: yes
configure:3255: checking for gawk
configure:3285: result: no
configure:3255: checking for mawk
configure:3271: found /usr/bin/mawk
configure:3282: result: mawk
configure:3293: checking whether make sets $(MAKE)
configure:3314: result: yes
configure:3344: checking for style of include used by make
configure:3372: result: GNU
configure:3564: checking dependency style of gcc
configure:3654: result: gcc3
configure:3720: checking for gcc
configure:3747: result: gcc
configure:3985: checking for C compiler version
configure:3992: gcc --version >&5
gcc (Raspbian 4.9.2-10) 4.9.2
Copyright (C) 2014 Free Software Foundation, Inc.
This is free software; see the source for copying conditions.  There is NO
warranty; not even for MERCHANTABILITY or FITNESS FOR A PARTICULAR PURPOSE.

configure:3995: $? = 0
configure:4002: gcc -v >&5
Using built-in specs.
COLLECT_GCC=gcc
COLLECT_LTO_WRAPPER=/usr/lib/gcc/arm-linux-gnueabihf/4.9/lto-wrapper
Target: arm-linux-gnueabihf
Configured with: ../src/configure -v --with-pkgversion='Raspbian 4.9.2-10' --with-bugurl=file:///usr/share/doc/gcc-4.9/README.Bugs --enable-languages=c,c++,java,go,d,fortran,objc,obj-c++ --prefix=/usr --program-suffix=-4.9 --enable-shared --enable-linker-build-id --libexecdir=/usr/lib --without-included-gettext --enable-threads=posix --with-gxx-include-dir=/usr/include/c++/4.9 --libdir=/usr/lib --enable-nls --with-sysroot=/ --enable-clocale=gnu --enable-libstdcxx-debug --enable-libstdcxx-time=yes --enable-gnu-unique-object --disable-libitm --disable-libquadmath --enable-plugin --with-system-zlib --disable-browser-plugin --enable-java-awt=gtk --enable-gtk-cairo --with-java-home=/usr/lib/jvm/java-1.5.0-gcj-4.9-armhf/jre --enable-java-home --with-jvm-root-dir=/usr/lib/jvm/java-1.5.0-gcj-4.9-armhf --with-jvm-jar-dir=/usr/lib/jvm-exports/java-1.5.0-gcj-4.9-armhf --with-arch-directory=arm --with-ecj-jar=/usr/share/java/eclipse-ecj.jar --enable-objc-gc --enable-multiarch --disable-sjlj-exceptions --with-arch=armv6 --with-fpu=vfp --with-float=hard --enable-checking=release --build=arm-linux-gnueabihf --host=arm-linux-gnueabihf --target=arm-linux-gnueabihf
Thread model: posix
gcc version 4.9.2 (Raspbian 4.9.2-10) 
configure:4005: $? = 0
configure:4012: gcc -V >&5
gcc: error: unrecognized command line option '-V'
gcc: fatal error: no input files
compilation terminated.
configure:4015: $? = 4
configure:4018: checking whether we are using the GNU C compiler
configure:4087: result: yes
configure:4092: checking whether gcc accepts -g
configure:4278: result: yes
configure:4295: checking for gcc option to accept ISO C89
configure:4415: result: none needed
configure:4491: checking for g++
configure:4507: found /usr/bin/g++
configure:4518: result: g++
configure:4549: checking for C++ compiler version
configure:4556: g++ --version >&5
g++ (Raspbian 4.9.2-10) 4.9.2
Copyright (C) 2014 Free Software Foundation, Inc.
This is free software; see the source for copying conditions.  There is NO
warranty; not even for MERCHANTABILITY or FITNESS FOR A PARTICULAR PURPOSE.

configure:4559: $? = 0
configure:4566: g++ -v >&5
Using built-in specs.
COLLECT_GCC=g++
COLLECT_LTO_WRAPPER=/usr/lib/gcc/arm-linux-gnueabihf/4.9/lto-wrapper
Target: arm-linux-gnueabihf
Configured with: ../src/configure -v --with-pkgversion='Raspbian 4.9.2-10' --with-bugurl=file:///usr/share/doc/gcc-4.9/README.Bugs --enable-languages=c,c++,java,go,d,fortran,objc,obj-c++ --prefix=/usr --program-suffix=-4.9 --enable-shared --enable-linker-build-id --libexecdir=/usr/lib --without-included-gettext --enable-threads=posix --with-gxx-include-dir=/usr/include/c++/4.9 --libdir=/usr/lib --enable-nls --with-sysroot=/ --enable-clocale=gnu --enable-libstdcxx-debug --enable-libstdcxx-time=yes --enable-gnu-unique-object --disable-libitm --disable-libquadmath --enable-plugin --with-system-zlib --disable-browser-plugin --enable-java-awt=gtk --enable-gtk-cairo --with-java-home=/usr/lib/jvm/java-1.5.0-gcj-4.9-armhf/jre --enable-java-home --with-jvm-root-dir=/usr/lib/jvm/java-1.5.0-gcj-4.9-armhf --with-jvm-jar-dir=/usr/lib/jvm-exports/java-1.5.0-gcj-4.9-armhf --with-arch-directory=arm --with-ecj-jar=/usr/share/java/eclipse-ecj.jar --enable-objc-gc --enable-multiarch --disable-sjlj-exceptions --with-arch=armv6 --with-fpu=vfp --with-float=hard --enable-checking=release --build=arm-linux-gnueabihf --host=arm-linux-gnueabihf --target=arm-linux-gnueabihf
Thread model: posix
gcc version 4.9.2 (Raspbian 4.9.2-10) 
configure:4569: $? = 0
configure:4576: g++ -V >&5
g++: error: unrecognized command line option '-V'
g++: fatal error: no input files
compilation terminated.
configure:4579: $? = 4
configure:4582: checking whether we are using the GNU C++ compiler
configure:4611: g++ -c   conftest.cpp >&5
configure:4617: $? = 0
configure:4624: test -z "$ac_cxx_werror_flag" || test ! -s conftest.err
configure:4627: $? = 0
configure:4634: test -s conftest.o
configure:4637: $? = 0
configure:4651: result: yes
configure:4656: checking whether g++ accepts -g
configure:4686: g++ -c -g  conftest.cpp >&5
configure:4692: $? = 0
configure:4699: test -z "$ac_cxx_werror_flag" || test ! -s conftest.err
configure:4702: $? = 0
configure:4709: test -s conftest.o
configure:4712: $? = 0
configure:4842: result: yes
configure:4867: checking dependency style of g++
configure:4957: result: gcc3
configure:5052: checking build system type
configure:5070: result: armv7l-unknown-linux-gnu
configure:5092: checking host system type
configure:5107: result: armv7l-unknown-linux-gnu
configure:5129: checking for a sed that does not truncate output
configure:5183: result: /bin/sed
configure:5186: checking for grep that handles long lines and -e
configure:5260: result: /bin/grep
configure:5265: checking for egrep
configure:5343: result: /bin/grep -E
configure:5359: checking for ld used by gcc
configure:5426: result: /usr/bin/ld
configure:5435: checking if the linker (/usr/bin/ld) is GNU ld
configure:5450: result: yes
configure:5455: checking for /usr/bin/ld option to reload object files
configure:5462: result: -r
configure:5480: checking for BSD-compatible nm
configure:5529: result: /usr/bin/nm -B
configure:5533: checking whether ln -s works
configure:5537: result: yes
configure:5544: checking how to recognise dependent libraries
configure:5720: result: pass_all
configure:5969: checking how to run the C preprocessor
configure:6009: gcc -E  conftest.c
configure:6015: $? = 0
configure:6053: gcc -E  conftest.c
conftest.c:10:28: fatal error: ac_nonexistent.h: No such file or directory
 #include <ac_nonexistent.h>
                            ^
compilation terminated.
configure:6059: $? = 1
configure: failed program was:
| /* confdefs.h.  */
| #define PACKAGE_NAME "dgtnix"
| #define PACKAGE_TARNAME "dgtnix"
| #define PACKAGE_VERSION "1.9.1"
| #define PACKAGE_STRING "dgtnix 1.9.1"
| #define PACKAGE_BUGREPORT "dgtnix-devel@lists.sourceforge.net"
| #define PACKAGE "dgtnix"
| #define VERSION "1.9.1"
| /* end confdefs.h.  */
| #include <ac_nonexistent.h>
configure:6099: result: gcc -E
configure:6128: gcc -E  conftest.c
configure:6134: $? = 0
configure:6172: gcc -E  conftest.c
conftest.c:10:28: fatal error: ac_nonexistent.h: No such file or directory
 #include <ac_nonexistent.h>
                            ^
compilation terminated.
configure:6178: $? = 1
configure: failed program was:
| /* confdefs.h.  */
| #define PACKAGE_NAME "dgtnix"
| #define PACKAGE_TARNAME "dgtnix"
| #define PACKAGE_VERSION "1.9.1"
| #define PACKAGE_STRING "dgtnix 1.9.1"
| #define PACKAGE_BUGREPORT "dgtnix-devel@lists.sourceforge.net"
| #define PACKAGE "dgtnix"
| #define VERSION "1.9.1"
| /* end confdefs.h.  */
| #include <ac_nonexistent.h>
configure:6223: checking for ANSI C header files
configure:6253: gcc -c -g -O2  conftest.c >&5
configure:6259: $? = 0
configure:6266: test -z "$ac_c_werror_flag" || test ! -s conftest.err
configure:6269: $? = 0
configure:6276: test -s conftest.o
configure:6279: $? = 0
configure:6375: gcc -o conftest -g -O2   conftest.c  >&5
configure:6378: $? = 0
configure:6384: ./conftest
configure:6387: $? = 0
configure:6404: result: yes
configure:6428: checking for sys/types.h
configure:6449: gcc -c -g -O2  conftest.c >&5
configure:6455: $? = 0
configure:6462: test -z "$ac_c_werror_flag" || test ! -s conftest.err
configure:6465: $? = 0
configure:6472: test -s conftest.o
configure:6475: $? = 0
configure:6488: result: yes
configure:6428: checking for sys/stat.h
configure:6449: gcc -c -g -O2  conftest.c >&5
configure:6455: $? = 0
configure:6462: test -z "$ac_c_werror_flag" || test ! -s conftest.err
configure:6465: $? = 0
configure:6472: test -s conftest.o
configure:6475: $? = 0
configure:6488: result: yes
configure:6428: checking for stdlib.h
configure:6449: gcc -c -g -O2  conftest.c >&5
configure:6455: $? = 0
configure:6462: test -z "$ac_c_werror_flag" || test ! -s conftest.err
configure:6465: $? = 0
configure:6472: test -s conftest.o
configure:6475: $? = 0
configure:6488: result: yes
configure:6428: checking for string.h
configure:6449: gcc -c -g -O2  conftest.c >&5
configure:6455: $? = 0
configure:6462: test -z "$ac_c_werror_flag" || test ! -s conftest.err
configure:6465: $? = 0
configure:6472: test -s conftest.o
configure:6475: $? = 0
configure:6488: result: yes
configure:6428: checking for memory.h
configure:6449: gcc -c -g -O2  conftest.c >&5
configure:6455: $? = 0
configure:6462: test -z "$ac_c_werror_flag" || test ! -s conftest.err
configure:6465: $? = 0
configure:6472: test -s conftest.o
configure:6475: $? = 0
configure:6488: result: yes
configure:6428: checking for strings.h
configure:6449: gcc -c -g -O2  conftest.c >&5
configure:6455: $? = 0
configure:6462: test -z "$ac_c_werror_flag" || test ! -s conftest.err
configure:6465: $? = 0
configure:6472: test -s conftest.o
configure:6475: $? = 0
configure:6488: result: yes
configure:6428: checking for inttypes.h
configure:6449: gcc -c -g -O2  conftest.c >&5
configure:6455: $? = 0
configure:6462: test -z "$ac_c_werror_flag" || test ! -s conftest.err
configure:6465: $? = 0
configure:6472: test -s conftest.o
configure:6475: $? = 0
configure:6488: result: yes
configure:6428: checking for stdint.h
configure:6449: gcc -c -g -O2  conftest.c >&5
configure:6455: $? = 0
configure:6462: test -z "$ac_c_werror_flag" || test ! -s conftest.err
configure:6465: $? = 0
configure:6472: test -s conftest.o
configure:6475: $? = 0
configure:6488: result: yes
configure:6428: checking for unistd.h
configure:6449: gcc -c -g -O2  conftest.c >&5
configure:6455: $? = 0
configure:6462: test -z "$ac_c_werror_flag" || test ! -s conftest.err
configure:6465: $? = 0
configure:6472: test -s conftest.o
configure:6475: $? = 0
configure:6488: result: yes
configure:6515: checking dlfcn.h usability
configure:6532: gcc -c -g -O2  conftest.c >&5
configure:6538: $? = 0
configure:6545: test -z "$ac_c_werror_flag" || test ! -s conftest.err
configure:6548: $? = 0
configure:6555: test -s conftest.o
configure:6558: $? = 0
configure:6569: result: yes
configure:6573: checking dlfcn.h presence
configure:6588: gcc -E  conftest.c
configure:6594: $? = 0
configure:6615: result: yes
configure:6648: checking for dlfcn.h
configure:6656: result: yes
configure:6679: checking how to run the C++ preprocessor
configure:6715: g++ -E  conftest.cpp
configure:6721: $? = 0
configure:6759: g++ -E  conftest.cpp
conftest.cpp:21:28: fatal error: ac_nonexistent.h: No such file or directory
 #include <ac_nonexistent.h>
                            ^
compilation terminated.
configure:6765: $? = 1
configure: failed program was:
| /* confdefs.h.  */
| #define PACKAGE_NAME "dgtnix"
| #define PACKAGE_TARNAME "dgtnix"
| #define PACKAGE_VERSION "1.9.1"
| #define PACKAGE_STRING "dgtnix 1.9.1"
| #define PACKAGE_BUGREPORT "dgtnix-devel@lists.sourceforge.net"
| #define PACKAGE "dgtnix"
| #define VERSION "1.9.1"
| #define STDC_HEADERS 1
| #define HAVE_SYS_TYPES_H 1
| #define HAVE_SYS_STAT_H 1
| #define HAVE_STDLIB_H 1
| #define HAVE_STRING_H 1
| #define HAVE_MEMORY_H 1
| #define HAVE_STRINGS_H 1
| #define HAVE_INTTYPES_H 1
| #define HAVE_STDINT_H 1
| #define HAVE_UNISTD_H 1
| #define HAVE_DLFCN_H 1
| /* end confdefs.h.  */
| #include <ac_nonexistent.h>
configure:6805: result: g++ -E
configure:6834: g++ -E  conftest.cpp
configure:6840: $? = 0
configure:6878: g++ -E  conftest.cpp
conftest.cpp:21:28: fatal error: ac_nonexistent.h: No such file or directory
 #include <ac_nonexistent.h>
                            ^
compilation terminated.
configure:6884: $? = 1
configure: failed program was:
| /* confdefs.h.  */
| #define PACKAGE_NAME "dgtnix"
| #define PACKAGE_TARNAME "dgtnix"
| #define PACKAGE_VERSION "1.9.1"
| #define PACKAGE_STRING "dgtnix 1.9.1"
| #define PACKAGE_BUGREPORT "dgtnix-devel@lists.sourceforge.net"
| #define PACKAGE "dgtnix"
| #define VERSION "1.9.1"
| #define STDC_HEADERS 1
| #define HAVE_SYS_TYPES_H 1
| #define HAVE_SYS_STAT_H 1
| #define HAVE_STDLIB_H 1
| #define HAVE_STRING_H 1
| #define HAVE_MEMORY_H 1
| #define HAVE_STRINGS_H 1
| #define HAVE_INTTYPES_H 1
| #define HAVE_STDINT_H 1
| #define HAVE_UNISTD_H 1
| #define HAVE_DLFCN_H 1
| /* end confdefs.h.  */
| #include <ac_nonexistent.h>
configure:6984: checking for g77
configure:7014: result: no
configure:6984: checking for f77
configure:7014: result: no
configure:6984: checking for xlf
configure:7014: result: no
configure:6984: checking for frt
configure:7014: result: no
configure:6984: checking for pgf77
configure:7014: result: no
configure:6984: checking for cf77
configure:7014: result: no
configure:6984: checking for fort77
configure:7014: result: no
configure:6984: checking for fl32
configure:7014: result: no
configure:6984: checking for af77
configure:7014: result: no
configure:6984: checking for f90
configure:7014: result: no
configure:6984: checking for xlf90
configure:7014: result: no
configure:6984: checking for pgf90
configure:7014: result: no
configure:6984: checking for pghpf
configure:7014: result: no
configure:6984: checking for epcf90
configure:7014: result: no
configure:6984: checking for gfortran
configure:7014: result: no
configure:6984: checking for g95
configure:7014: result: no
configure:6984: checking for f95
configure:7014: result: no
configure:6984: checking for fort
configure:7014: result: no
configure:6984: checking for xlf95
configure:7014: result: no
configure:6984: checking for ifort
configure:7014: result: no
configure:6984: checking for ifc
configure:7014: result: no
configure:6984: checking for efc
configure:7014: result: no
configure:6984: checking for pgf95
configure:7014: result: no
configure:6984: checking for lf95
configure:7014: result: no
configure:6984: checking for ftn
configure:7014: result: no
configure:7041: checking for Fortran 77 compiler version
configure:7048:  --version >&5
./configure: line 7049: --version: command not found
configure:7051: $? = 127
configure:7058:  -v >&5
./configure: line 7059: -v: command not found
configure:7061: $? = 127
configure:7068:  -V >&5
./configure: line 7069: -V: command not found
configure:7071: $? = 127
configure:7079: checking whether we are using the GNU Fortran 77 compiler
configure:7098:  -c  conftest.F >&5
./configure: line 7099: -c: command not found
configure:7104: $? = 127
configure: failed program was:
|       program main
| #ifndef __GNUC__
|        choke me
| #endif
| 
|       end
configure:7138: result: no
configure:7144: checking whether  accepts -g
configure:7161:  -c -g conftest.f >&5
./configure: line 7162: -c: command not found
configure:7167: $? = 127
configure: failed program was:
|       program main
| 
|       end
configure:7200: result: no
configure:7230: checking the maximum length of command line arguments
configure:7339: result: 32768
configure:7350: checking command to parse /usr/bin/nm -B output from gcc object
configure:7455: gcc -c -g -O2  conftest.c >&5
configure:7458: $? = 0
configure:7462: /usr/bin/nm -B conftest.o \| sed -n -e 's/^.*[ 	]\([ABCDGIRSTW][ABCDGIRSTW]*\)[ 	][ 	]*\([_A-Za-z][_A-Za-z0-9]*\)$/\1 \2 \2/p' \> conftest.nm
configure:7465: $? = 0
configure:7517: gcc -o conftest -g -O2   conftest.c conftstm.o >&5
configure:7520: $? = 0
configure:7558: result: ok
configure:7562: checking for objdir
configure:7577: result: .libs
configure:7669: checking for ar
configure:7685: found /usr/bin/ar
configure:7696: result: ar
configure:7765: checking for ranlib
configure:7781: found /usr/bin/ranlib
configure:7792: result: ranlib
configure:7861: checking for strip
configure:7877: found /usr/bin/strip
configure:7888: result: strip
configure:8174: checking if gcc supports -fno-rtti -fno-exceptions
configure:8192: gcc -c -g -O2  -fno-rtti -fno-exceptions conftest.c >&5
cc1: warning: command line option '-fno-rtti' is valid for C++/ObjC++ but not for C
configure:8196: $? = 0
configure:8209: result: no
configure:8224: checking for gcc option to produce PIC
configure:8434: result: -fPIC
configure:8442: checking if gcc PIC flag -fPIC works
configure:8460: gcc -c -g -O2  -fPIC -DPIC conftest.c >&5
configure:8464: $? = 0
configure:8477: result: yes
configure:8505: checking if gcc static flag -static works
configure:8533: result: yes
configure:8543: checking if gcc supports -c -o file.o
configure:8564: gcc -c -g -O2  -o out/conftest2.o conftest.c >&5
configure:8568: $? = 0
configure:8590: result: yes
configure:8616: checking whether the gcc linker (/usr/bin/ld) supports shared libraries
configure:9612: result: yes
configure:9633: checking whether -lc should be explicitly linked in
configure:9638: gcc -c -g -O2  conftest.c >&5
configure:9641: $? = 0
configure:9656: gcc -shared conftest.o  -v -Wl,-soname -Wl,conftest -o conftest 2\>\&1 \| grep  -lc  \>/dev/null 2\>\&1
configure:9659: $? = 0
configure:9671: result: no
configure:9679: checking dynamic linker characteristics
configure:10279: result: GNU/Linux ld.so
configure:10288: checking how to hardcode library paths into programs
configure:10313: result: immediate
configure:10327: checking whether stripping libraries is possible
configure:10332: result: yes
configure:11245: checking if libtool supports shared libraries
configure:11247: result: yes
configure:11250: checking whether to build shared libraries
configure:11271: result: yes
configure:11274: checking whether to build static libraries
configure:11278: result: yes
configure:11370: creating libtool
configure:11958: checking for ld used by g++
configure:12025: result: /usr/bin/ld
configure:12034: checking if the linker (/usr/bin/ld) is GNU ld
configure:12049: result: yes
configure:12100: checking whether the g++ linker (/usr/bin/ld) supports shared libraries
configure:13066: result: yes
configure:13084: g++ -c -g -O2  conftest.cpp >&5
configure:13087: $? = 0
configure:13206: checking for g++ option to produce PIC
configure:13480: result: -fPIC
configure:13488: checking if g++ PIC flag -fPIC works
configure:13506: g++ -c -g -O2  -fPIC -DPIC conftest.cpp >&5
configure:13510: $? = 0
configure:13523: result: yes
configure:13551: checking if g++ static flag -static works
configure:13579: result: yes
configure:13589: checking if g++ supports -c -o file.o
configure:13610: g++ -c -g -O2  -o out/conftest2.o conftest.cpp >&5
configure:13614: $? = 0
configure:13636: result: yes
configure:13662: checking whether the g++ linker (/usr/bin/ld) supports shared libraries
configure:13693: result: yes
configure:13760: checking dynamic linker characteristics
configure:14360: result: GNU/Linux ld.so
configure:14369: checking how to hardcode library paths into programs
configure:14394: result: immediate
configure:20767: creating ./config.status

## ---------------------- ##
## Running config.status. ##
## ---------------------- ##

This file was extended by dgtnix config.status 1.9.1, which was
generated by GNU Autoconf 2.60.  Invocation command line was

  CONFIG_FILES    = 
  CONFIG_HEADERS  = 
  CONFIG_LINKS    = 
  CONFIG_COMMANDS = 
  $ ./config.status 

on raspberrypi

config.status:652: creating Makefile
config.status:652: creating src/Makefile
config.status:652: creating utils/Makefile
config.status:652: creating man/Makefile
config.status:652: creating config.h
config.status:919: executing depfiles commands

## ---------------- ##
## Cache variables. ##
## ---------------- ##

ac_cv_build=armv7l-unknown-linux-gnu
ac_cv_c_compiler_gnu=yes
ac_cv_cxx_compiler_gnu=yes
ac_cv_env_CCC_set=
ac_cv_env_CCC_value=
ac_cv_env_CC_set=
ac_cv_env_CC_value=
ac_cv_env_CFLAGS_set=
ac_cv_env_CFLAGS_value=
ac_cv_env_CPPFLAGS_set=
ac_cv_env_CPPFLAGS_value=
ac_cv_env_CPP_set=
ac_cv_env_CPP_value=
ac_cv_env_CXXCPP_set=
ac_cv_env_CXXCPP_value=
ac_cv_env_CXXFLAGS_set=
ac_cv_env_CXXFLAGS_value=
ac_cv_env_CXX_set=
ac_cv_env_CXX_value=
ac_cv_env_F77_set=
ac_cv_env_F77_value=
ac_cv_env_FFLAGS_set=
ac_cv_env_FFLAGS_value=
ac_cv_env_LDFLAGS_set=
ac_cv_env_LDFLAGS_value=
ac_cv_env_build_alias_set=
ac_cv_env_build_alias_value=
ac_cv_env_host_alias_set=
ac_cv_env_host_alias_value=
ac_cv_env_target_alias_set=
ac_cv_env_target_alias_value=
ac_cv_f77_compiler_gnu=no
ac_cv_header_dlfcn_h=yes
ac_cv_header_inttypes_h=yes
ac_cv_header_memory_h=yes
ac_cv_header_stdc=yes
ac_cv_header_stdint_h=yes
ac_cv_header_stdlib_h=yes
ac_cv_header_string_h=yes
ac_cv_header_strings_h=yes
ac_cv_header_sys_stat_h=yes
ac_cv_header_sys_types_h=yes
ac_cv_header_unistd_h=yes
ac_cv_host=armv7l-unknown-linux-gnu
ac_cv_lib_pthread_pthread_create=yes
ac_cv_objext=o
ac_cv_path_EGREP='/bin/grep -E'
ac_cv_path_GREP=/bin/grep
ac_cv_path_install='/usr/bin/install -c'
ac_cv_prog_AWK=mawk
ac_cv_prog_CPP='gcc -E'
ac_cv_prog_CXXCPP='g++ -E'
ac_cv_prog_ac_ct_AR=ar
ac_cv_prog_ac_ct_CC=gcc
ac_cv_prog_ac_ct_CXX=g++
ac_cv_prog_ac_ct_RANLIB=ranlib
ac_cv_prog_ac_ct_STRIP=strip
ac_cv_prog_cc_c89=
ac_cv_prog_cc_g=yes
ac_cv_prog_cxx_g=yes
ac_cv_prog_f77_g=no
ac_cv_prog_make_make_set=yes
am_cv_CC_dependencies_compiler_type=gcc3
am_cv_CXX_dependencies_compiler_type=gcc3
lt_cv_deplibs_check_method=pass_all
lt_cv_file_magic_cmd='$MAGIC_CMD'
lt_cv_file_magic_test_file=
lt_cv_ld_reload_flag=-r
lt_cv_objdir=.libs
lt_cv_path_LD=/usr/bin/ld
lt_cv_path_LDCXX=/usr/bin/ld
lt_cv_path_NM='/usr/bin/nm -B'
lt_cv_path_SED=/bin/sed
lt_cv_prog_compiler_c_o=yes
lt_cv_prog_compiler_c_o_CXX=yes
lt_cv_prog_compiler_rtti_exceptions=no
lt_cv_prog_gnu_ld=yes
lt_cv_prog_gnu_ldcxx=yes
lt_cv_sys_global_symbol_pipe='sed -n -e '\''s/^.*[ 	]\([ABCDGIRSTW][ABCDGIRSTW]*\)[ 	][ 	]*\([_A-Za-z][_A-Za-z0-9]*\)$/\1 \2 \2/p'\'''
lt_cv_sys_global_symbol_to_c_name_address='sed -n -e '\''s/^: \([^ ]*\) $/  {\"\1\", (lt_ptr) 0},/p'\'' -e '\''s/^[BCDEGRST] \([^ ]*\) \([^ ]*\)$/  {"\2", (lt_ptr) \&\2},/p'\'''
lt_cv_sys_global_symbol_to_cdecl='sed -n -e '\''s/^. .* \(.*\)$/extern int \1;/p'\'''
lt_cv_sys_max_cmd_len=32768
lt_lt_cv_prog_compiler_c_o='"yes"'
lt_lt_cv_prog_compiler_c_o_CXX='"yes"'
lt_lt_cv_sys_global_symbol_pipe='"sed -n -e '\''s/^.*[ 	]\\([ABCDGIRSTW][ABCDGIRSTW]*\\)[ 	][ 	]*\\([_A-Za-z][_A-Za-z0-9]*\\)\$/\\1 \\2 \\2/p'\''"'
lt_lt_cv_sys_global_symbol_to_c_name_address='"sed -n -e '\''s/^: \\([^ ]*\\) \$/  {\\\"\\1\\\", (lt_ptr) 0},/p'\'' -e '\''s/^[BCDEGRST] \\([^ ]*\\) \\([^ ]*\\)\$/  {\"\\2\", (lt_ptr) \\&\\2},/p'\''"'
lt_lt_cv_sys_global_symbol_to_cdecl='"sed -n -e '\''s/^. .* \\(.*\\)\$/extern int \\1;/p'\''"'

## ----------------- ##
## Output variables. ##
## ----------------- ##

ACLOCAL='${SHELL} /opt/dgtDriver/dgtnix-1.9.1/build-aux/missing --run aclocal-1.9'
AMDEPBACKSLASH='\'
AMDEP_FALSE='#'
AMDEP_TRUE=''
AMTAR='${SHELL} /opt/dgtDriver/dgtnix-1.9.1/build-aux/missing --run tar'
AR='ar'
AUTOCONF='${SHELL} /opt/dgtDriver/dgtnix-1.9.1/build-aux/missing --run autoconf'
AUTOHEADER='${SHELL} /opt/dgtDriver/dgtnix-1.9.1/build-aux/missing --run autoheader'
AUTOMAKE='${SHELL} /opt/dgtDriver/dgtnix-1.9.1/build-aux/missing --run automake-1.9'
AWK='mawk'
CC='gcc'
CCDEPMODE='depmode=gcc3'
CFLAGS='-g -O2'
CPP='gcc -E'
CPPFLAGS=''
CXX='g++'
CXXCPP='g++ -E'
CXXDEPMODE='depmode=gcc3'
CXXFLAGS='-g -O2'
CYGPATH_W='echo'
DEFS='-DHAVE_CONFIG_H'
DEPDIR='.deps'
ECHO='echo'
ECHO_C=''
ECHO_N='-n'
ECHO_T=''
EGREP='/bin/grep -E'
EXEEXT=''
F77=''
FFLAGS=''
GREP='/bin/grep'
INSTALL_DATA='${INSTALL} -m 644'
INSTALL_PROGRAM='${INSTALL}'
INSTALL_SCRIPT='${INSTALL}'
INSTALL_STRIP_PROGRAM='${SHELL} $(install_sh) -c -s'
LDFLAGS=''
LIBOBJS=''
LIBS=''
LIBTOOL='$(SHELL) $(top_builddir)/libtool'
LN_S='ln -s'
LTLIBOBJS=''
MAKEINFO='${SHELL} /opt/dgtDriver/dgtnix-1.9.1/build-aux/missing --run makeinfo'
OBJEXT='o'
PACKAGE='dgtnix'
PACKAGE_BUGREPORT='dgtnix-devel@lists.sourceforge.net'
PACKAGE_NAME='dgtnix'
PACKAGE_STRING='dgtnix 1.9.1'
PACKAGE_TARNAME='dgtnix'
PACKAGE_VERSION='1.9.1'
PATH_SEPARATOR=':'
PTHREADLIB='-lpthread'
RANLIB='ranlib'
RELEASE_INFO='-release 1'
SET_MAKE=''
SHELL='/bin/bash'
STRIP='strip'
VERSION='1.9.1'
VERSION_INFO='-version-info 9:1'
ac_ct_CC='gcc'
ac_ct_CXX='g++'
ac_ct_F77=''
am__fastdepCC_FALSE='#'
am__fastdepCC_TRUE=''
am__fastdepCXX_FALSE='#'
am__fastdepCXX_TRUE=''
am__include='include'
am__leading_dot='.'
am__quote=''
am__tar='${AMTAR} chof - "$$tardir"'
am__untar='${AMTAR} xf -'
bindir='${exec_prefix}/bin'
build='armv7l-unknown-linux-gnu'
build_alias=''
build_cpu='armv7l'
build_os='linux-gnu'
build_vendor='unknown'
datadir='${datarootdir}'
datarootdir='${prefix}/share'
docdir='${datarootdir}/doc/${PACKAGE_TARNAME}'
dvidir='${docdir}'
exec_prefix='${prefix}'
host='armv7l-unknown-linux-gnu'
host_alias=''
host_cpu='armv7l'
host_os='linux-gnu'
host_vendor='unknown'
htmldir='${docdir}'
includedir='${prefix}/include'
infodir='${datarootdir}/info'
install_sh='/opt/dgtDriver/dgtnix-1.9.1/build-aux/install-sh'
libdir='${exec_prefix}/lib'
libexecdir='${exec_prefix}/libexec'
localedir='${datarootdir}/locale'
localstatedir='${prefix}/var'
mandir='${datarootdir}/man'
mkdir_p='mkdir -p --'
oldincludedir='/usr/include'
pdfdir='${docdir}'
prefix='/usr/local'
program_transform_name='s,x,x,'
psdir='${docdir}'
sbindir='${exec_prefix}/sbin'
sharedstatedir='${prefix}/com'
sysconfdir='${prefix}/etc'
target_alias=''

## ----------- ##
## confdefs.h. ##
## ----------- ##

#define PACKAGE_NAME "dgtnix"
#define PACKAGE_TARNAME "dgtnix"
#define PACKAGE_VERSION "1.9.1"
#define PACKAGE_STRING "dgtnix 1.9.1"
#define PACKAGE_BUGREPORT "dgtnix-devel@lists.sourceforge.net"
#define PACKAGE "dgtnix"
#define VERSION "1.9.1"
#define STDC_HEADERS 1
#define HAVE_SYS_TYPES_H 1
#define HAVE_SYS_STAT_H 1
#define HAVE_STDLIB_H 1
#define HAVE_STRING_H 1
#define HAVE_MEMORY_H 1
#define HAVE_STRINGS_H 1
#define HAVE_INTTYPES_H 1
#define HAVE_STDINT_H 1
#define HAVE_UNISTD_H 1
#define HAVE_DLFCN_H 1

configure: exit 0
